[2024-02-07 15:46:51,418: INFO: common: yaml file: config\config.yaml loaded successfully]
[2024-02-07 15:46:51,427: INFO: common: yaml file: params.yaml loaded successfully]
[2024-02-07 15:46:51,427: INFO: common: created directory at: artifacts]
[2024-02-07 15:55:10,385: INFO: common: created directory at: artifacts/data_ingestion]
[2024-02-07 15:56:50,087: INFO: common: yaml file: config\config.yaml loaded successfully]
[2024-02-07 15:56:50,089: INFO: common: yaml file: params.yaml loaded successfully]
[2024-02-07 15:56:50,090: INFO: common: created directory at: artifacts]
[2024-02-07 15:56:51,064: INFO: common: created directory at: artifacts/data_ingestion]
[2024-02-08 10:13:26,350: INFO: common: yaml file: config\config.yaml loaded successfully]
[2024-02-08 10:13:26,352: INFO: common: yaml file: params.yaml loaded successfully]
[2024-02-08 10:13:26,353: INFO: common: created directory at: artifacts]
[2024-02-08 10:13:26,363: INFO: common: created directory at: artifacts/data_ingestion]
[2024-02-08 10:21:16,314: INFO: common: yaml file: config\config.yaml loaded successfully]
[2024-02-08 10:21:16,315: INFO: common: yaml file: params.yaml loaded successfully]
[2024-02-08 10:21:16,316: INFO: common: created directory at: artifacts]
[2024-02-08 10:21:16,317: INFO: common: created directory at: artifacts/data_ingestion]
[2024-02-08 10:21:16,318: INFO: 2657407201: Downloading data from https://drive.google.com/file/d/1jGFKjl11IOSnhUx-HJnOsIPwxJWl3q-G/view?usp=drive_link into file artifacts/data_ingestion/data.zip]
[2024-02-08 10:22:33,896: INFO: 2657407201: Download finished!]
[2024-02-09 11:01:28,678: INFO: common: yaml file: config\config.yaml loaded successfully]
[2024-02-09 11:01:28,692: INFO: common: yaml file: params.yaml loaded successfully]
[2024-02-09 11:01:28,694: INFO: common: created directory at: artifacts]
[2024-02-09 11:01:28,695: INFO: common: created directory at: artifacts/prepare_base_model]
[2024-02-09 11:02:05,780: INFO: common: yaml file: config\config.yaml loaded successfully]
[2024-02-09 11:02:05,781: INFO: common: yaml file: params.yaml loaded successfully]
[2024-02-09 11:02:05,782: INFO: common: created directory at: artifacts]
[2024-02-09 11:02:05,783: INFO: common: created directory at: artifacts/prepare_base_model]
[2024-02-09 11:05:30,403: INFO: common: yaml file: config\config.yaml loaded successfully]
[2024-02-09 11:05:30,406: INFO: common: yaml file: params.yaml loaded successfully]
[2024-02-09 11:05:30,408: INFO: common: created directory at: artifacts]
[2024-02-09 11:05:30,409: INFO: common: created directory at: artifacts/prepare_base_model]
[2024-02-09 11:05:31,253: INFO: common: yaml file: config\config.yaml loaded successfully]
[2024-02-09 11:05:31,253: INFO: common: yaml file: params.yaml loaded successfully]
[2024-02-09 11:05:31,253: INFO: common: created directory at: artifacts]
[2024-02-09 11:05:31,253: INFO: common: created directory at: artifacts/prepare_base_model]
[2024-02-09 11:09:57,219: INFO: common: yaml file: config\config.yaml loaded successfully]
[2024-02-09 11:09:57,221: INFO: common: yaml file: params.yaml loaded successfully]
[2024-02-09 11:09:57,221: INFO: common: created directory at: artifacts]
[2024-02-09 11:09:57,222: INFO: common: created directory at: artifacts/prepare_base_model]
[2024-02-09 11:10:12,407: INFO: common: yaml file: config\config.yaml loaded successfully]
[2024-02-09 11:10:12,410: INFO: common: yaml file: params.yaml loaded successfully]
[2024-02-09 11:10:12,411: INFO: common: created directory at: artifacts]
[2024-02-09 11:10:12,412: INFO: common: created directory at: artifacts/prepare_base_model]
[2024-02-09 11:15:01,290: INFO: common: yaml file: config\config.yaml loaded successfully]
[2024-02-09 11:15:01,290: INFO: common: yaml file: params.yaml loaded successfully]
[2024-02-09 11:15:01,290: INFO: common: created directory at: artifacts]
[2024-02-09 11:16:25,764: INFO: common: created directory at: artifacts/prepare_base_model]
[2024-02-09 11:17:47,054: INFO: common: yaml file: config\config.yaml loaded successfully]
[2024-02-09 11:17:47,056: INFO: common: yaml file: params.yaml loaded successfully]
[2024-02-09 11:17:47,057: INFO: common: created directory at: artifacts]
[2024-02-09 11:17:52,526: INFO: common: created directory at: artifacts/prepare_base_model]
[2024-02-09 11:18:39,415: INFO: common: yaml file: config\config.yaml loaded successfully]
[2024-02-09 11:18:39,416: INFO: common: yaml file: params.yaml loaded successfully]
[2024-02-09 11:18:39,417: INFO: common: created directory at: artifacts]
[2024-02-09 11:18:39,417: INFO: common: created directory at: artifacts/prepare_base_model]
[2024-02-09 11:18:39,418: INFO: 3822608664: model creating]
[2024-02-09 11:19:07,783: INFO: 3822608664: model saved]
[2024-02-09 14:55:52,132: INFO: common: yaml file: config\config.yaml loaded successfully]
[2024-02-09 14:55:52,133: INFO: common: yaml file: params.yaml loaded successfully]
[2024-02-09 14:55:52,135: INFO: common: created directory at: artifacts]
[2024-02-09 14:55:54,879: INFO: common: created directory at: artifacts/prepare_base_model]
[2024-02-09 14:56:10,063: INFO: common: yaml file: config\config.yaml loaded successfully]
[2024-02-09 14:56:10,064: INFO: common: yaml file: params.yaml loaded successfully]
[2024-02-09 14:56:10,065: INFO: common: created directory at: artifacts]
[2024-02-09 14:56:10,589: INFO: common: created directory at: artifacts/prepare_base_model]
[2024-02-09 14:57:03,590: INFO: common: yaml file: config\config.yaml loaded successfully]
[2024-02-09 14:57:03,591: INFO: common: yaml file: params.yaml loaded successfully]
[2024-02-09 14:57:03,592: INFO: common: created directory at: artifacts]
[2024-02-09 14:57:04,675: INFO: common: created directory at: artifacts/prepare_base_model]
[2024-02-09 14:57:39,265: INFO: common: yaml file: config\config.yaml loaded successfully]
[2024-02-09 14:57:39,267: INFO: common: yaml file: params.yaml loaded successfully]
[2024-02-09 14:57:39,268: INFO: common: created directory at: artifacts]
[2024-02-09 14:57:40,199: INFO: common: created directory at: artifacts/prepare_base_model]
[2024-02-09 14:58:52,075: INFO: common: yaml file: config\config.yaml loaded successfully]
[2024-02-09 14:58:52,076: INFO: common: yaml file: params.yaml loaded successfully]
[2024-02-09 14:58:52,077: INFO: common: created directory at: artifacts]
[2024-02-09 14:58:54,045: INFO: common: created directory at: artifacts/prepare_base_model]
[2024-02-09 14:59:01,447: INFO: common: yaml file: config\config.yaml loaded successfully]
[2024-02-09 14:59:01,448: INFO: common: yaml file: params.yaml loaded successfully]
[2024-02-09 14:59:01,449: INFO: common: created directory at: artifacts]
[2024-02-09 14:59:01,449: INFO: common: created directory at: artifacts/prepare_base_model]
[2024-02-09 14:59:01,450: INFO: 3822608664: model creating]
[2024-02-09 14:59:02,342: INFO: 3822608664: model saved]
[2024-02-09 15:29:14,403: INFO: main: ###### stage Data Ingestion started ######]
[2024-02-09 15:29:14,403: INFO: common: yaml file: config\config.yaml loaded successfully]
[2024-02-09 15:29:14,403: INFO: common: yaml file: params.yaml loaded successfully]
[2024-02-09 15:29:14,403: INFO: common: created directory at: artifacts]
[2024-02-09 15:29:14,403: INFO: common: created directory at: artifacts/data_ingestion]
[2024-02-09 15:29:14,403: INFO: data_ingestion: Downloading data from https://drive.google.com/file/d/1jGFKjl11IOSnhUx-HJnOsIPwxJWl3q-G/view?usp=drive_link into file artifacts/data_ingestion/data.zip]
[2024-02-09 15:30:28,599: INFO: data_ingestion: Download finished!]
[2024-02-09 15:30:28,600: INFO: data_ingestion: extracting data]
[2024-02-09 15:30:38,367: INFO: data_ingestion: extract finished!]
[2024-02-09 15:30:38,367: INFO: main: ###### stage Data Ingestion finished ######]
[2024-02-09 15:30:38,367: INFO: main: ###### stage Model Prepare started ######]
[2024-02-09 15:30:38,367: INFO: common: yaml file: config\config.yaml loaded successfully]
[2024-02-09 15:30:38,382: INFO: common: yaml file: params.yaml loaded successfully]
[2024-02-09 15:30:38,382: INFO: common: created directory at: artifacts]
[2024-02-09 15:30:38,382: INFO: common: created directory at: artifacts/prepare_base_model]
[2024-02-09 15:30:38,382: INFO: prepare_base_model: model creating]
[2024-02-09 15:30:39,857: INFO: prepare_base_model: model saved]
[2024-02-09 15:30:39,857: INFO: main: ###### stage Model Prepare finished ######]
